-------------------------------------------------------------------------------
Test set: TestSuite
-------------------------------------------------------------------------------
Tests run: 3, Failures: 1, Errors: 0, Skipped: 0, Time elapsed: 46.976 s <<< FAILURE! - in TestSuite
Loginverify1(TestCases.Vlaidation)  Time elapsed: 0.057 s  <<< FAILURE!
java.lang.AssertionError: expected [FEATURED COURSE] but found [FEATURED COURSES]
	at TestCases.Vlaidation.Loginverify1(Vlaidation.java:31)

